SF:D:\projects\python\electric-car\src\map_solver_playground\__init__.py
DA:7,1
LF:1
LH:1
end_of_record
SF:D:\projects\python\electric-car\src\map_solver_playground\__main__.py
DA:8,0
DA:10,0
DA:11,0
LF:3
LH:0
end_of_record
SF:D:\projects\python\electric-car\src\map_solver_playground\components\__init__.py
DA:7,1
DA:8,1
DA:9,1
DA:10,1
DA:12,1
LF:5
LH:5
end_of_record
SF:D:\projects\python\electric-car\src\map_solver_playground\components\info_panel.py
DA:5,1
DA:6,1
DA:9,1
DA:14,1
DA:26,0
DA:27,0
DA:29,1
DA:36,0
DA:38,1
DA:42,0
DA:43,0
DA:45,0
DA:48,0
DA:49,0
DA:50,0
DA:51,0
LF:16
LH:6
FN:14,27,InfoPanel.__init__
FNDA:0,InfoPanel.__init__
FN:29,36,InfoPanel.set_text
FNDA:0,InfoPanel.set_text
FN:38,51,InfoPanel.draw
FNDA:0,InfoPanel.draw
FNF:3
FNH:0
end_of_record
SF:D:\projects\python\electric-car\src\map_solver_playground\components\map_view.py
DA:5,1
DA:7,1
DA:8,1
DA:9,1
DA:10,1
DA:12,1
DA:13,1
DA:16,1
DA:21,1
DA:33,0
DA:34,0
DA:35,0
DA:38,0
DA:39,0
DA:40,0
DA:43,0
DA:44,0
DA:45,0
DA:46,0
DA:47,0
DA:48,0
DA:49,0
DA:52,0
DA:53,0
DA:54,0
DA:55,0
DA:58,0
DA:59,0
DA:61,1
DA:73,0
DA:74,0
DA:77,0
DA:78,0
DA:83,0
DA:84,0
DA:86,0
DA:89,0
DA:90,0
DA:91,0
DA:93,0
DA:96,0
DA:97,0
DA:99,1
DA:106,0
DA:107,0
DA:108,0
DA:109,0
DA:111,0
DA:112,0
DA:113,0
DA:114,0
DA:116,1
DA:120,0
DA:121,0
DA:123,1
DA:130,0
DA:131,0
DA:133,0
DA:134,0
DA:135,0
DA:137,1
DA:142,0
DA:145,0
LF:63
LH:14
FN:21,59,MapView.__init__
FNDA:0,MapView.__init__
FN:61,97,MapView.create_maps
FNDA:0,MapView.create_maps
FN:99,114,MapView.switch_view
FNDA:0,MapView.switch_view
FN:116,121,MapView._center_image
FNDA:0,MapView._center_image
FN:123,135,MapView.get_map_info
FNDA:0,MapView.get_map_info
FN:137,155,MapView.draw
FNDA:0,MapView.draw
FNF:6
FNH:0
end_of_record
SF:D:\projects\python\electric-car\src\map_solver_playground\components\status_bar.py
DA:5,1
DA:6,1
DA:9,1
DA:14,1
DA:27,0
DA:29,0
DA:31,0
DA:32,0
DA:34,1
DA:41,0
DA:43,1
DA:47,0
DA:48,0
DA:50,0
DA:53,0
DA:54,0
DA:55,0
DA:56,0
LF:18
LH:6
FN:14,32,StatusBar.__init__
FNDA:0,StatusBar.__init__
FN:34,41,StatusBar.set_text
FNDA:0,StatusBar.set_text
FN:43,56,StatusBar.draw
FNDA:0,StatusBar.draw
FNF:3
FNH:0
end_of_record
SF:D:\projects\python\electric-car\src\map_solver_playground\components\text_panel.py
DA:5,1
DA:8,1
DA:14,1
DA:26,1
DA:27,1
DA:28,1
DA:29,1
DA:30,1
DA:31,1
DA:32,1
DA:34,1
DA:38,1
DA:40,1
DA:44,0
DA:45,0
DA:46,0
DA:48,1
DA:53,0
DA:54,0
DA:56,0
LF:20
LH:14
FN:14,32,TextPanel.__init__
FNDA:1,TextPanel.__init__
FN:34,38,TextPanel.toggle_visibility
FNDA:1,TextPanel.toggle_visibility
FN:40,46,TextPanel._draw_background
FNDA:0,TextPanel._draw_background
FN:48,56,TextPanel.draw
FNDA:0,TextPanel.draw
FNF:4
FNH:2
end_of_record
SF:D:\projects\python\electric-car\src\map_solver_playground\components\tooltip_panel.py
DA:5,1
DA:7,1
DA:8,1
DA:11,1
DA:16,1
DA:28,1
DA:31,1
DA:38,1
DA:39,1
DA:40,1
DA:42,1
DA:43,1
DA:49,1
DA:50,1
DA:51,1
DA:52,1
DA:53,1
DA:55,1
DA:59,0
DA:60,0
DA:62,0
DA:65,0
DA:66,0
DA:67,0
DA:68,0
DA:69,0
DA:70,0
LF:27
LH:18
FN:16,36,ToolTipPanel.__init__
FNDA:1,ToolTipPanel.__init__
FN:39,40,ToolTipPanel.tooltips
FNDA:1,ToolTipPanel.tooltips
FN:43,53,ToolTipPanel.tooltips
FNDA:1,ToolTipPanel.tooltips
FN:55,70,ToolTipPanel.draw
FNDA:0,ToolTipPanel.draw
FNF:4
FNH:3
end_of_record
SF:D:\projects\python\electric-car\src\map_solver_playground\main.py
DA:5,0
DA:6,0
DA:7,0
DA:9,0
DA:10,0
DA:11,0
DA:13,0
DA:14,0
DA:15,0
DA:16,0
DA:17,0
DA:18,0
DA:20,0
DA:21,0
DA:24,0
DA:26,0
DA:36,0
DA:37,0
DA:39,0
DA:40,0
DA:41,0
DA:42,0
DA:43,0
DA:45,0
DA:47,0
DA:49,0
DA:51,0
DA:53,0
DA:55,0
DA:57,0
DA:60,0
DA:62,0
DA:63,0
DA:65,0
DA:67,0
DA:77,0
DA:78,0
DA:79,0
DA:80,0
DA:81,0
DA:82,0
DA:83,0
DA:84,0
DA:86,0
DA:88,0
DA:89,0
DA:90,0
DA:91,0
DA:92,0
DA:93,0
DA:94,0
DA:95,0
DA:97,0
DA:99,0
DA:100,0
DA:101,0
DA:102,0
DA:103,0
DA:104,0
DA:106,0
DA:108,0
DA:109,0
DA:110,0
DA:112,0
DA:114,0
DA:116,0
DA:118,0
DA:119,0
DA:121,0
DA:123,0
DA:125,0
DA:127,0
DA:128,0
DA:129,0
DA:130,0
DA:132,0
DA:134,0
DA:136,0
DA:137,0
DA:139,0
DA:140,0
DA:141,0
DA:142,0
DA:143,0
DA:144,0
DA:146,0
DA:149,0
DA:150,0
DA:151,0
DA:154,0
DA:155,0
LF:91
LH:0
FN:26,60,MapSolverApp.__init__
FNDA:0,MapSolverApp.__init__
FN:63,65,MapSolverApp.create_maps
FNDA:0,MapSolverApp.create_maps
FN:67,84,MapSolverApp.handle_events
FNDA:0,MapSolverApp.handle_events
FN:86,95,MapSolverApp._handle_key_press
FNDA:0,MapSolverApp._handle_key_press
FN:97,104,MapSolverApp._handle_new_map
FNDA:0,MapSolverApp._handle_new_map
FN:106,110,MapSolverApp._handle_view_switch
FNDA:0,MapSolverApp._handle_view_switch
FN:112,114,MapSolverApp._handle_tooltip_toggle
FNDA:0,MapSolverApp._handle_tooltip_toggle
FN:116,119,MapSolverApp._update_info_panel
FNDA:0,MapSolverApp._update_info_panel
FN:121,123,MapSolverApp.update
FNDA:0,MapSolverApp.update
FN:125,130,MapSolverApp.draw
FNDA:0,MapSolverApp.draw
FN:132,146,MapSolverApp.run
FNDA:0,MapSolverApp.run
FN:149,151,main
FNDA:0,main
FNF:12
FNH:0
end_of_record
SF:D:\projects\python\electric-car\src\map_solver_playground\maps\__init__.py
end_of_record
SF:D:\projects\python\electric-car\src\map_solver_playground\maps\filters\__init__.py
DA:7,1
DA:8,1
DA:9,1
DA:12,1
DA:25,0
DA:26,0
DA:29,0
DA:30,0
DA:33,0
DA:36,0
DA:38,0
LF:11
LH:4
FN:12,38,median_filter
FNDA:0,median_filter
FNF:1
FNH:0
end_of_record
SF:D:\projects\python\electric-car\src\map_solver_playground\maps\generators\__init__.py
DA:7,1
DA:8,1
DA:9,1
DA:12,1
DA:15,1
DA:16,1
DA:28,0
DA:34,0
DA:35,0
DA:37,0
DA:40,1
LF:11
LH:7
FN:16,37,MapGeneratorFactory.create
FNDA:0,MapGeneratorFactory.create
FNF:1
FNH:0
end_of_record
SF:D:\projects\python\electric-car\src\map_solver_playground\maps\generators\base_generator.py
DA:7,1
DA:8,1
DA:11,1
DA:19,1
DA:27,0
DA:28,0
DA:29,0
DA:31,1
DA:32,1
DA:39,0
DA:41,1
DA:51,0
DA:52,0
DA:55,0
DA:58,0
DA:59,0
DA:60,0
DA:62,0
LF:18
LH:7
FN:19,29,MapGenerator.__init__
FNDA:0,MapGenerator.__init__
FN:32,39,MapGenerator.generate_map
FNDA:0,MapGenerator.generate_map
FN:41,62,MapGenerator.generate_small_map
FNDA:0,MapGenerator.generate_small_map
FNF:3
FNH:0
end_of_record
SF:D:\projects\python\electric-car\src\map_solver_playground\maps\generators\diamond_square.py
DA:8,1
DA:9,1
DA:10,1
DA:12,1
DA:13,1
DA:14,1
DA:18,1
DA:19,1
DA:20,1
DA:23,1
DA:31,1
DA:39,0
DA:40,0
DA:42,1
DA:50,0
DA:53,0
DA:56,0
DA:58,0
DA:60,1
DA:71,0
DA:73,0
DA:74,0
DA:75,0
DA:76,0
DA:78,0
DA:80,0
DA:82,0
DA:83,0
DA:84,0
DA:85,0
DA:86,0
DA:87,0
DA:89,0
DA:95,0
DA:97,0
DA:98,0
DA:102,0
DA:103,0
DA:106,0
DA:109,0
DA:110,0
DA:112,0
DA:114,0
DA:115,0
DA:117,0
DA:118,0
DA:120,0
DA:121,0
DA:123,0
DA:124,0
DA:127,0
DA:128,0
DA:129,0
DA:130,0
DA:133,0
DA:136,0
DA:139,0
DA:145,0
DA:148,0
DA:149,0
DA:150,0
DA:151,0
DA:152,0
DA:154,0
DA:155,0
DA:156,0
DA:157,0
DA:161,0
DA:162,0
DA:163,0
DA:164,0
DA:167,0
DA:168,0
DA:171,0
DA:172,0
DA:173,0
DA:175,0
DA:176,0
DA:177,0
DA:179,0
DA:180,0
DA:181,0
DA:183,0
DA:184,0
DA:185,0
DA:188,0
DA:191,0
DA:194,0
DA:197,0
DA:198,0
DA:200,0
DA:203,0
DA:204,0
DA:205,0
DA:208,0
LF:95
LH:13
FN:31,40,DiamondSquareGenerator.__init__
FNDA:0,DiamondSquareGenerator.__init__
FN:42,58,DiamondSquareGenerator.generate_map
FNDA:0,DiamondSquareGenerator.generate_map
FN:60,208,DiamondSquareGenerator._generate_diamond_square
FNDA:0,DiamondSquareGenerator._generate_diamond_square
FN:71,76,DiamondSquareGenerator._generate_diamond_square.calculate_grid_size
FNDA:0,DiamondSquareGenerator._generate_diamond_square.calculate_grid_size
FN:78,87,DiamondSquareGenerator._generate_diamond_square.initialize_heightmap
FNDA:0,DiamondSquareGenerator._generate_diamond_square.initialize_heightmap
FN:89,200,DiamondSquareGenerator._generate_diamond_square.diamond_square_algorithm
FNDA:0,DiamondSquareGenerator._generate_diamond_square.diamond_square_algorithm
FNF:6
FNH:0
end_of_record
SF:D:\projects\python\electric-car\src\map_solver_playground\maps\generators\recursive_diamond_square.py
DA:8,1
DA:9,1
DA:10,1
DA:12,1
DA:13,1
DA:14,1
DA:18,1
DA:21,1
DA:29,1
DA:38,0
DA:39,0
DA:41,1
DA:49,0
DA:52,0
DA:55,0
DA:57,0
DA:59,1
DA:70,0
DA:73,0
DA:76,0
DA:77,0
DA:78,0
DA:79,0
DA:80,0
DA:83,0
DA:86,0
DA:88,1
DA:95,0
DA:96,0
DA:97,0
DA:98,0
DA:100,1
DA:114,0
DA:115,0
DA:118,0
DA:119,0
DA:122,0
DA:123,0
DA:126,0
DA:128,0
DA:132,0
DA:133,0
DA:137,0
DA:139,0
DA:140,0
DA:141,0
DA:144,0
DA:145,0
DA:146,0
DA:147,0
DA:150,0
DA:151,0
DA:152,0
DA:153,0
DA:156,0
DA:157,0
DA:158,0
DA:159,0
DA:162,0
DA:166,0
DA:168,0
DA:170,0
DA:172,0
LF:63
LH:13
FN:29,39,RecursiveDiamondSquareGenerator.__init__
FNDA:0,RecursiveDiamondSquareGenerator.__init__
FN:41,57,RecursiveDiamondSquareGenerator.generate_map
FNDA:0,RecursiveDiamondSquareGenerator.generate_map
FN:59,86,RecursiveDiamondSquareGenerator._generate_diamond_square
FNDA:0,RecursiveDiamondSquareGenerator._generate_diamond_square
FN:88,98,RecursiveDiamondSquareGenerator._calculate_grid_size
FNDA:0,RecursiveDiamondSquareGenerator._calculate_grid_size
FN:100,172,RecursiveDiamondSquareGenerator._recursive_diamond_square
FNDA:0,RecursiveDiamondSquareGenerator._recursive_diamond_square
FNF:5
FNH:0
end_of_record
SF:D:\projects\python\electric-car\src\map_solver_playground\maps\map_data.py
DA:7,1
DA:8,1
DA:9,1
DA:12,1
DA:20,1
DA:31,0
DA:32,0
DA:34,0
DA:36,0
DA:38,0
DA:39,0
DA:40,0
DA:43,0
DA:44,0
DA:46,0
DA:49,0
DA:51,1
DA:62,0
DA:63,0
DA:64,0
DA:66,1
DA:75,0
DA:76,0
DA:78,0
DA:80,1
DA:91,0
DA:92,0
DA:95,0
DA:99,0
DA:100,0
DA:103,0
DA:108,0
DA:109,0
DA:111,0
DA:113,1
DA:123,0
DA:124,0
DA:126,1
DA:128,0
DA:130,1
DA:132,0
LF:41
LH:11
FN:20,49,Map.__init__
FNDA:0,Map.__init__
FN:51,64,Map.get_value
FNDA:0,Map.get_value
FN:66,78,Map.set_value
FNDA:0,Map.set_value
FN:80,111,Map.create_submap
FNDA:0,Map.create_submap
FN:113,124,Map.apply_filter
FNDA:0,Map.apply_filter
FN:126,128,Map.__str__
FNDA:0,Map.__str__
FN:130,132,Map.__repr__
FNDA:0,Map.__repr__
FNF:7
FNH:0
end_of_record
SF:D:\projects\python\electric-car\src\map_solver_playground\maps\visualization\__init__.py
end_of_record
SF:D:\projects\python\electric-car\src\map_solver_playground\maps\visualization\color_maps.py
DA:7,1
DA:9,1
DA:10,1
DA:14,1
DA:15,1
DA:16,1
DA:38,1
LF:7
LH:7
end_of_record
SF:D:\projects\python\electric-car\src\map_solver_playground\maps\visualization\pygame_renderer.py
DA:7,1
DA:8,1
DA:9,1
DA:11,1
DA:12,1
DA:15,1
DA:23,1
DA:24,1
DA:35,0
DA:39,0
DA:40,0
DA:43,0
DA:46,0
DA:48,0
DA:50,1
DA:51,1
DA:63,0
DA:66,0
DA:69,0
DA:73,0
DA:76,0
DA:80,0
DA:88,0
DA:91,0
DA:93,0
DA:95,1
DA:96,1
DA:108,0
LF:28
LH:12
FN:24,48,MapRenderer.to_pygame_image
FNDA:0,MapRenderer.to_pygame_image
FN:51,93,MapRenderer.color_map
FNDA:0,MapRenderer.color_map
FN:96,108,MapRenderer.scale
FNDA:0,MapRenderer.scale
FNF:3
FNH:0
end_of_record
SF:D:\projects\python\electric-car\src\map_solver_playground\metrics\__init__.py
DA:7,0
DA:9,0
LF:2
LH:0
end_of_record
SF:D:\projects\python\electric-car\src\map_solver_playground\metrics\example.py
DA:5,0
DA:6,0
DA:8,0
DA:12,0
DA:13,0
DA:14,0
DA:15,0
DA:16,0
DA:17,0
DA:20,0
DA:21,0
DA:32,0
DA:33,0
DA:36,0
DA:37,0
DA:48,0
DA:49,0
DA:52,0
DA:54,0
DA:55,0
DA:56,0
DA:59,0
DA:60,0
DA:62,0
DA:63,0
DA:64,0
DA:67,0
DA:68,0
DA:71,0
DA:72,0
LF:30
LH:0
FN:21,33,example_function
FNDA:0,example_function
FN:37,49,custom_logger_function
FNDA:0,custom_logger_function
FN:52,68,main
FNDA:0,main
FNF:3
FNH:0
end_of_record
SF:D:\projects\python\electric-car\src\map_solver_playground\metrics\timing.py
DA:5,0
DA:6,0
DA:7,0
DA:8,0
DA:9,0
DA:12,0
DA:15,0
DA:43,0
DA:44,0
DA:45,0
DA:46,0
DA:47,0
DA:48,0
DA:49,0
DA:52,0
DA:54,0
DA:55,0
DA:56,0
DA:58,0
DA:60,0
DA:62,0
DA:64,0
DA:67,0
DA:68,0
DA:69,0
LF:25
LH:0
FN:15,69,measure_time
FNDA:0,measure_time
FN:43,64,measure_time.decorator
FNDA:0,measure_time.decorator
FN:45,62,measure_time.decorator.wrapper
FNDA:0,measure_time.decorator.wrapper
FNF:3
FNH:0
end_of_record
